# JRE version: Java(TM) SE Runtime Environment (8.0_45-b15) (build 1.8.0_45-b15)
# Java VM: Java HotSpot(TM) 64-Bit Server VM (25.45-b02 mixed mode windows-amd64 compressed oops)
Heap:
 PSYoungGen      total 275456K, used 146474K [0x000000076b180000, 0x0000000780c80000, 0x00000007c0000000)
  eden space 248320K, 48% used [0x000000076b180000,0x000000077260bd08,0x000000077a400000)
  from space 27136K, 99% used [0x000000077a400000,0x000000077be7ee00,0x000000077be80000)
  to   space 31744K, 0% used [0x000000077ed80000,0x000000077ed80000,0x0000000780c80000)
 ParOldGen       total 269824K, used 44244K [0x00000006c1400000, 0x00000006d1b80000, 0x000000076b180000)
  object space 269824K, 16% used [0x00000006c1400000,0x00000006c3f35018,0x00000006d1b80000)
 Metaspace       used 77291K, capacity 78808K, committed 78976K, reserved 1116160K
  class space    used 12099K, capacity 12328K, committed 12416K, reserved 1048576K
GC Heap History (10 events):
Event: 12.565 GC heap before
{Heap before GC invocations=12 (full 2):
 PSYoungGen      total 194560K, used 188043K [0x000000076b180000, 0x000000077a480000, 0x00000007c0000000)
  eden space 181248K, 96% used [0x000000076b180000,0x0000000775c27b50,0x0000000776280000)
  from space 13312K, 99% used [0x0000000776280000,0x0000000776f7b2f8,0x0000000776f80000)
  to   space 15872K, 0% used [0x0000000779500000,0x0000000779500000,0x000000077a480000)
 ParOldGen       total 182272K, used 22103K [0x00000006c1400000, 0x00000006cc600000, 0x000000076b180000)
  object space 182272K, 12% used [0x00000006c1400000,0x00000006c2995f70,0x00000006cc600000)
 Metaspace       used 58397K, capacity 58862K, committed 59136K, reserved 1099776K
  class space    used 8047K, capacity 8176K, committed 8192K, reserved 1048576K
Event: 12.576 GC heap after
Heap after GC invocations=12 (full 2):
 PSYoungGen      total 230400K, used 15845K [0x000000076b180000, 0x000000077a780000, 0x00000007c0000000)
  eden space 214528K, 0% used [0x000000076b180000,0x000000076b180000,0x0000000778300000)
  from space 15872K, 99% used [0x0000000779500000,0x000000077a479700,0x000000077a480000)
  to   space 18432K, 0% used [0x0000000778300000,0x0000000778300000,0x0000000779500000)
 ParOldGen       total 182272K, used 23110K [0x00000006c1400000, 0x00000006cc600000, 0x000000076b180000)
  object space 182272K, 12% used [0x00000006c1400000,0x00000006c2a91890,0x00000006cc600000)
 Metaspace       used 58397K, capacity 58862K, committed 59136K, reserved 1099776K
  class space    used 8047K, capacity 8176K, committed 8192K, reserved 1048576K
}
Event: 12.576 GC heap before
{Heap before GC invocations=13 (full 3):
 PSYoungGen      total 230400K, used 15845K [0x000000076b180000, 0x000000077a780000, 0x00000007c0000000)
  eden space 214528K, 0% used [0x000000076b180000,0x000000076b180000,0x0000000778300000)
  from space 15872K, 99% used [0x0000000779500000,0x000000077a479700,0x000000077a480000)
  to   space 18432K, 0% used [0x0000000778300000,0x0000000778300000,0x0000000779500000)
 ParOldGen       total 182272K, used 23110K [0x00000006c1400000, 0x00000006cc600000, 0x000000076b180000)
  object space 182272K, 12% used [0x00000006c1400000,0x00000006c2a91890,0x00000006cc600000)
 Metaspace       used 58397K, capacity 58862K, committed 59136K, reserved 1099776K
  class space    used 8047K, capacity 8176K, committed 8192K, reserved 1048576K
Event: 12.740 GC heap after
Heap after GC invocations=13 (full 3):
 PSYoungGen      total 230400K, used 0K [0x000000076b180000, 0x000000077a780000, 0x00000007c0000000)
  eden space 214528K, 0% used [0x000000076b180000,0x000000076b180000,0x0000000778300000)
  from space 15872K, 0% used [0x0000000779500000,0x0000000779500000,0x000000077a480000)
  to   space 18432K, 0% used [0x0000000778300000,0x0000000778300000,0x0000000779500000)
 ParOldGen       total 269824K, used 33414K [0x00000006c1400000, 0x00000006d1b80000, 0x000000076b180000)
  object space 269824K, 12% used [0x00000006c1400000,0x00000006c34a1bd8,0x00000006d1b80000)
 Metaspace       used 58397K, capacity 58862K, committed 59136K, reserved 1099776K
  class space    used 8047K, capacity 8176K, committed 8192K, reserved 1048576K
}
Event: 14.317 GC heap before
{Heap before GC invocations=14 (full 3):
 PSYoungGen      total 230400K, used 214528K [0x000000076b180000, 0x000000077a780000, 0x00000007c0000000)
  eden space 214528K, 100% used [0x000000076b180000,0x0000000778300000,0x0000000778300000)
  from space 15872K, 0% used [0x0000000779500000,0x0000000779500000,0x000000077a480000)
  to   space 18432K, 0% used [0x0000000778300000,0x0000000778300000,0x0000000779500000)
 ParOldGen       total 269824K, used 33414K [0x00000006c1400000, 0x00000006d1b80000, 0x000000076b180000)
  object space 269824K, 12% used [0x00000006c1400000,0x00000006c34a1bd8,0x00000006d1b80000)
 Metaspace       used 69691K, capacity 70304K, committed 70784K, reserved 1110016K
  class space    used 10943K, capacity 11093K, committed 11136K, reserved 1048576K
Event: 14.333 GC heap after
Heap after GC invocations=14 (full 3):
 PSYoungGen      total 232960K, used 18400K [0x000000076b180000, 0x000000077d680000, 0x00000007c0000000)
  eden space 214528K, 0% used [0x000000076b180000,0x000000076b180000,0x0000000778300000)
  from space 18432K, 99% used [0x0000000778300000,0x00000007794f8030,0x0000000779500000)
  to   space 24576K, 0% used [0x000000077be80000,0x000000077be80000,0x000000077d680000)
 ParOldGen       total 269824K, used 43583K [0x00000006c1400000, 0x00000006d1b80000, 0x000000076b180000)
  object space 269824K, 16% used [0x00000006c1400000,0x00000006c3e8ff48,0x00000006d1b80000)
 Metaspace       used 69691K, capacity 70304K, committed 70784K, reserved 1110016K
  class space    used 10943K, capacity 11093K, committed 11136K, reserved 1048576K
}
Event: 15.568 GC heap before
{Heap before GC invocations=15 (full 3):
 PSYoungGen      total 232960K, used 232928K [0x000000076b180000, 0x000000077d680000, 0x00000007c0000000)
  eden space 214528K, 100% used [0x000000076b180000,0x0000000778300000,0x0000000778300000)
  from space 18432K, 99% used [0x0000000778300000,0x00000007794f8030,0x0000000779500000)
  to   space 24576K, 0% used [0x000000077be80000,0x000000077be80000,0x000000077d680000)
 ParOldGen       total 269824K, used 43583K [0x00000006c1400000, 0x00000006d1b80000, 0x000000076b180000)
  object space 269824K, 16% used [0x00000006c1400000,0x00000006c3e8ff48,0x00000006d1b80000)
 Metaspace       used 72722K, capacity 73982K, committed 74240K, reserved 1112064K
  class space    used 11588K, capacity 11757K, committed 11776K, reserved 1048576K
Event: 15.589 GC heap after
Heap after GC invocations=15 (full 3):
 PSYoungGen      total 272896K, used 22319K [0x000000076b180000, 0x000000077e400000, 0x00000007c0000000)
  eden space 248320K, 0% used [0x000000076b180000,0x000000076b180000,0x000000077a400000)
  from space 24576K, 90% used [0x000000077be80000,0x000000077d44bc18,0x000000077d680000)
  to   space 27136K, 0% used [0x000000077a400000,0x000000077a400000,0x000000077be80000)
 ParOldGen       total 269824K, used 43591K [0x00000006c1400000, 0x00000006d1b80000, 0x000000076b180000)
  object space 269824K, 16% used [0x00000006c1400000,0x00000006c3e91f48,0x00000006d1b80000)
 Metaspace       used 72722K, capacity 73982K, committed 74240K, reserved 1112064K
  class space    used 11588K, capacity 11757K, committed 11776K, reserved 1048576K
}
Event: 42.914 GC heap before
{Heap before GC invocations=16 (full 3):
 PSYoungGen      total 272896K, used 270639K [0x000000076b180000, 0x000000077e400000, 0x00000007c0000000)
  eden space 248320K, 100% used [0x000000076b180000,0x000000077a400000,0x000000077a400000)
  from space 24576K, 90% used [0x000000077be80000,0x000000077d44bc18,0x000000077d680000)
  to   space 27136K, 0% used [0x000000077a400000,0x000000077a400000,0x000000077be80000)
 ParOldGen       total 269824K, used 43591K [0x00000006c1400000, 0x00000006d1b80000, 0x000000076b180000)
  object space 269824K, 16% used [0x00000006c1400000,0x00000006c3e91f48,0x00000006d1b80000)
 Metaspace       used 77112K, capacity 78578K, committed 78976K, reserved 1116160K
  class space    used 12093K, capacity 12295K, committed 12416K, reserved 1048576K
Event: 42.931 GC heap after
Heap after GC invocations=16 (full 3):
 PSYoungGen      total 275456K, used 27131K [0x000000076b180000, 0x0000000780c80000, 0x00000007c0000000)
  eden space 248320K, 0% used [0x000000076b180000,0x000000076b180000,0x000000077a400000)
  from space 27136K, 99% used [0x000000077a400000,0x000000077be7ee00,0x000000077be80000)
  to   space 31744K, 0% used [0x000000077ed80000,0x000000077ed80000,0x0000000780c80000)
 ParOldGen       total 269824K, used 44244K [0x00000006c1400000, 0x00000006d1b80000, 0x000000076b180000)
  object space 269824K, 16% used [0x00000006c1400000,0x00000006c3f35018,0x00000006d1b80000)
 Metaspace       used 77112K, capacity 78578K, committed 78976K, reserved 1116160K
  class space    used 12093K, capacity 12295K, committed 12416K, reserved 1048576K
}

