# JRE version: Java(TM) SE Runtime Environment (8.0_45-b15) (build 1.8.0_45-b15)
# Java VM: Java HotSpot(TM) 64-Bit Server VM (25.45-b02 mixed mode windows-amd64 compressed oops)
Heap:
 PSYoungGen      total 359936K, used 339693K [0x000000076b180000, 0x0000000783880000, 0x00000007c0000000)
  eden space 329216K, 93% used [0x000000076b180000,0x000000077df3c988,0x000000077f300000)
  from space 30720K, 99% used [0x0000000781580000,0x000000078337eb48,0x0000000783380000)
  to   space 35328K, 0% used [0x000000077f300000,0x000000077f300000,0x0000000781580000)
 ParOldGen       total 250880K, used 36247K [0x00000006c1400000, 0x00000006d0900000, 0x000000076b180000)
  object space 250880K, 14% used [0x00000006c1400000,0x00000006c3765c68,0x00000006d0900000)
 Metaspace       used 77690K, capacity 79242K, committed 79488K, reserved 1116160K
  class space    used 12142K, capacity 12363K, committed 12416K, reserved 1048576K
GC Heap History (10 events):
Event: 9.827 GC heap before
{Heap before GC invocations=13 (full 2):
 PSYoungGen      total 221696K, used 36263K [0x000000076b180000, 0x000000077a300000, 0x00000007c0000000)
  eden space 204800K, 9% used [0x000000076b180000,0x000000076c471af0,0x0000000777980000)
  from space 16896K, 99% used [0x0000000778d80000,0x0000000779df8358,0x0000000779e00000)
  to   space 20480K, 0% used [0x0000000777980000,0x0000000777980000,0x0000000778d80000)
 ParOldGen       total 183296K, used 27753K [0x00000006c1400000, 0x00000006cc700000, 0x000000076b180000)
  object space 183296K, 15% used [0x00000006c1400000,0x00000006c2f1a6d8,0x00000006cc700000)
 Metaspace       used 58323K, capacity 58810K, committed 59160K, reserved 1099776K
  class space    used 7925K, capacity 8050K, committed 8064K, reserved 1048576K
Event: 9.837 GC heap after
Heap after GC invocations=13 (full 2):
 PSYoungGen      total 225280K, used 16444K [0x000000076b180000, 0x000000077eb80000, 0x00000007c0000000)
  eden space 204800K, 0% used [0x000000076b180000,0x000000076b180000,0x0000000777980000)
  from space 20480K, 80% used [0x0000000777980000,0x000000077898f208,0x0000000778d80000)
  to   space 21504K, 0% used [0x000000077d680000,0x000000077d680000,0x000000077eb80000)
 ParOldGen       total 183296K, used 27761K [0x00000006c1400000, 0x00000006cc700000, 0x000000076b180000)
  object space 183296K, 15% used [0x00000006c1400000,0x00000006c2f1c6d8,0x00000006cc700000)
 Metaspace       used 58323K, capacity 58810K, committed 59160K, reserved 1099776K
  class space    used 7925K, capacity 8050K, committed 8064K, reserved 1048576K
}
Event: 9.837 GC heap before
{Heap before GC invocations=14 (full 3):
 PSYoungGen      total 225280K, used 16444K [0x000000076b180000, 0x000000077eb80000, 0x00000007c0000000)
  eden space 204800K, 0% used [0x000000076b180000,0x000000076b180000,0x0000000777980000)
  from space 20480K, 80% used [0x0000000777980000,0x000000077898f208,0x0000000778d80000)
  to   space 21504K, 0% used [0x000000077d680000,0x000000077d680000,0x000000077eb80000)
 ParOldGen       total 183296K, used 27761K [0x00000006c1400000, 0x00000006cc700000, 0x000000076b180000)
  object space 183296K, 15% used [0x00000006c1400000,0x00000006c2f1c6d8,0x00000006cc700000)
 Metaspace       used 58323K, capacity 58810K, committed 59160K, reserved 1099776K
  class space    used 7925K, capacity 8050K, committed 8064K, reserved 1048576K
Event: 10.040 GC heap after
Heap after GC invocations=14 (full 3):
 PSYoungGen      total 225280K, used 0K [0x000000076b180000, 0x000000077eb80000, 0x00000007c0000000)
  eden space 204800K, 0% used [0x000000076b180000,0x000000076b180000,0x0000000777980000)
  from space 20480K, 0% used [0x0000000777980000,0x0000000777980000,0x0000000778d80000)
  to   space 21504K, 0% used [0x000000077d680000,0x000000077d680000,0x000000077eb80000)
 ParOldGen       total 250880K, used 29291K [0x00000006c1400000, 0x00000006d0900000, 0x000000076b180000)
  object space 250880K, 11% used [0x00000006c1400000,0x00000006c309ade8,0x00000006d0900000)
 Metaspace       used 58323K, capacity 58810K, committed 59160K, reserved 1099776K
  class space    used 7925K, capacity 8050K, committed 8064K, reserved 1048576K
}
Event: 11.314 GC heap before
{Heap before GC invocations=15 (full 3):
 PSYoungGen      total 225280K, used 204800K [0x000000076b180000, 0x000000077eb80000, 0x00000007c0000000)
  eden space 204800K, 100% used [0x000000076b180000,0x0000000777980000,0x0000000777980000)
  from space 20480K, 0% used [0x0000000777980000,0x0000000777980000,0x0000000778d80000)
  to   space 21504K, 0% used [0x000000077d680000,0x000000077d680000,0x000000077eb80000)
 ParOldGen       total 250880K, used 29291K [0x00000006c1400000, 0x00000006d0900000, 0x000000076b180000)
  object space 250880K, 11% used [0x00000006c1400000,0x00000006c309ade8,0x00000006d0900000)
 Metaspace       used 69135K, capacity 69766K, committed 70144K, reserved 1107968K
  class space    used 10854K, capacity 10998K, committed 11008K, reserved 1048576K
Event: 11.329 GC heap after
Heap after GC invocations=15 (full 3):
 PSYoungGen      total 283648K, used 21472K [0x000000076b180000, 0x000000077eb80000, 0x00000007c0000000)
  eden space 262144K, 0% used [0x000000076b180000,0x000000076b180000,0x000000077b180000)
  from space 21504K, 99% used [0x000000077d680000,0x000000077eb78030,0x000000077eb80000)
  to   space 27136K, 0% used [0x000000077b680000,0x000000077b680000,0x000000077d100000)
 ParOldGen       total 250880K, used 35771K [0x00000006c1400000, 0x00000006d0900000, 0x000000076b180000)
  object space 250880K, 14% used [0x00000006c1400000,0x00000006c36eec00,0x00000006d0900000)
 Metaspace       used 69135K, capacity 69766K, committed 70144K, reserved 1107968K
  class space    used 10854K, capacity 10998K, committed 11008K, reserved 1048576K
}
Event: 12.615 GC heap before
{Heap before GC invocations=16 (full 3):
 PSYoungGen      total 283648K, used 283616K [0x000000076b180000, 0x000000077eb80000, 0x00000007c0000000)
  eden space 262144K, 100% used [0x000000076b180000,0x000000077b180000,0x000000077b180000)
  from space 21504K, 99% used [0x000000077d680000,0x000000077eb78030,0x000000077eb80000)
  to   space 27136K, 0% used [0x000000077b680000,0x000000077b680000,0x000000077d100000)
 ParOldGen       total 250880K, used 35771K [0x00000006c1400000, 0x00000006d0900000, 0x000000076b180000)
  object space 250880K, 14% used [0x00000006c1400000,0x00000006c36eec00,0x00000006d0900000)
 Metaspace       used 73219K, capacity 74582K, committed 74880K, reserved 1112064K
  class space    used 11639K, capacity 11827K, committed 11904K, reserved 1048576K
Event: 12.636 GC heap after
Heap after GC invocations=16 (full 3):
 PSYoungGen      total 294400K, used 26367K [0x000000076b180000, 0x0000000783380000, 0x00000007c0000000)
  eden space 267264K, 0% used [0x000000076b180000,0x000000076b180000,0x000000077b680000)
  from space 27136K, 97% used [0x000000077b680000,0x000000077d03fef8,0x000000077d100000)
  to   space 30720K, 0% used [0x0000000781580000,0x0000000781580000,0x0000000783380000)
 ParOldGen       total 250880K, used 35779K [0x00000006c1400000, 0x00000006d0900000, 0x000000076b180000)
  object space 250880K, 14% used [0x00000006c1400000,0x00000006c36f0c00,0x00000006d0900000)
 Metaspace       used 73219K, capacity 74582K, committed 74880K, reserved 1112064K
  class space    used 11639K, capacity 11827K, committed 11904K, reserved 1048576K
}
Event: 49.877 GC heap before
{Heap before GC invocations=17 (full 3):
 PSYoungGen      total 294400K, used 293631K [0x000000076b180000, 0x0000000783380000, 0x00000007c0000000)
  eden space 267264K, 100% used [0x000000076b180000,0x000000077b680000,0x000000077b680000)
  from space 27136K, 97% used [0x000000077b680000,0x000000077d03fef8,0x000000077d100000)
  to   space 30720K, 0% used [0x0000000781580000,0x0000000781580000,0x0000000783380000)
 ParOldGen       total 250880K, used 35779K [0x00000006c1400000, 0x00000006d0900000, 0x000000076b180000)
  object space 250880K, 14% used [0x00000006c1400000,0x00000006c36f0c00,0x00000006d0900000)
 Metaspace       used 77515K, capacity 78980K, committed 79232K, reserved 1116160K
  class space    used 12135K, capacity 12362K, committed 12416K, reserved 1048576K
Event: 49.932 GC heap after
Heap after GC invocations=17 (full 3):
 PSYoungGen      total 359936K, used 30714K [0x000000076b180000, 0x0000000783880000, 0x00000007c0000000)
  eden space 329216K, 0% used [0x000000076b180000,0x000000076b180000,0x000000077f300000)
  from space 30720K, 99% used [0x0000000781580000,0x000000078337eb48,0x0000000783380000)
  to   space 35328K, 0% used [0x000000077f300000,0x000000077f300000,0x0000000781580000)
 ParOldGen       total 250880K, used 36247K [0x00000006c1400000, 0x00000006d0900000, 0x000000076b180000)
  object space 250880K, 14% used [0x00000006c1400000,0x00000006c3765c68,0x00000006d0900000)
 Metaspace       used 77515K, capacity 78980K, committed 79232K, reserved 1116160K
  class space    used 12135K, capacity 12362K, committed 12416K, reserved 1048576K
}

